<?xml version="1.0" encoding="UTF-8"?>
<!-- Generated by org.testng.reporters.JUnitReportReporter -->
<testsuite hostname="LAPTOP-CDMIHFB2" failures="0" tests="3" name="runner.website" time="31.121" errors="0" timestamp="2021-12-23T22:46:12 IST" skipped="0">
  <testcase classname="runner.website" name="test1" time="6.418"/>
  <system-out/>
  <testcase classname="runner.website" name="test2" time="17.571"/>
  <system-out/>
  <testcase classname="runner.website" name="test3" time="7.132"/>
  <system-out/>
</testsuite> <!-- runner.website -->
