<?xml version="1.0" encoding="UTF-8"?>
<!-- Generated by org.testng.reporters.JUnitReportReporter -->
<testsuite hostname="User" failures="0" tests="10" name="runner.WebApp" time="451.224" errors="0" timestamp="2022-01-18T11:39:41 IST" skipped="0">
  <testcase classname="runner.WebApp" name="HomePage" time="28.934"/>
  <system-out/>
  <testcase classname="runner.WebApp" name="SignUp" time="40.838"/>
  <system-out/>
  <testcase classname="runner.WebApp" name="HomepageLogin" time="24.758"/>
  <system-out/>
  <testcase classname="runner.WebApp" name="AboutPage" time="42.229"/>
  <system-out/>
  <testcase classname="runner.WebApp" name="ContactPage" time="33.205"/>
  <system-out/>
  <testcase classname="runner.WebApp" name="OnewayPage" time="50.632"/>
  <system-out/>
  <testcase classname="runner.WebApp" name="LocalPage" time="70.479"/>
  <system-out/>
  <testcase classname="runner.WebApp" name="OutstationPage" time="43.857"/>
  <system-out/>
  <testcase classname="runner.WebApp" name="AirportPage" time="71.942"/>
  <system-out/>
  <testcase classname="runner.WebApp" name="CorporatePage" time="44.350"/>
  <system-out/>
</testsuite> <!-- runner.WebApp -->
